<?xml version="1.0" encoding="UTF-8"?>
<testsuite xmlns:xsi="http://www.w3.org/2001/XMLSchema-instance" xsi:noNamespaceSchemaLocation="https://maven.apache.org/surefire/maven-surefire-plugin/xsd/surefire-test-report.xsd" name="com.flowparser.parser.LookupTableParserTest" time="0.004" tests="4" errors="0" skipped="0" failures="0">
  <properties>
[...]
</properties>
  <testcase name="testParseLookupTableWithMissingHeader" classname="com.flowparser.parser.LookupTableParserTest" time="0.001"/>
  <testcase name="testParseLookupTableWithInvalidEntries" classname="com.flowparser.parser.LookupTableParserTest" time="0"/>
  <testcase name="testCaseInsensitiveMatching" classname="com.flowparser.parser.LookupTableParserTest" time="0"/>
  <testcase name="testParseLookupTable" classname="com.flowparser.parser.LookupTableParserTest" time="0.002"/>
</testsuite>